0 info it worked if it ends with ok
1 verbose cli [ '/usr/local/Cellar/node/0.10.26/bin/node',
1 verbose cli   '/usr/local/bin/npm',
1 verbose cli   'install',
1 verbose cli   'purl-parser',
1 verbose cli   '--save' ]
2 info using npm@1.4.3
3 info using node@v0.10.26
4 verbose readDependencies using package.json deps
5 verbose cache add [ 'purl-parser', null ]
6 verbose cache add name=undefined spec="purl-parser" args=["purl-parser",null]
7 verbose parsed url { protocol: null,
7 verbose parsed url   slashes: null,
7 verbose parsed url   auth: null,
7 verbose parsed url   host: null,
7 verbose parsed url   port: null,
7 verbose parsed url   hostname: null,
7 verbose parsed url   hash: null,
7 verbose parsed url   search: null,
7 verbose parsed url   query: null,
7 verbose parsed url   pathname: 'purl-parser',
7 verbose parsed url   path: 'purl-parser',
7 verbose parsed url   href: 'purl-parser' }
8 silly lockFile 04556138-purl-parser purl-parser
9 verbose lock purl-parser /Users/aakashlpin/.npm/04556138-purl-parser.lock
10 silly lockFile 04556138-purl-parser purl-parser
11 silly lockFile 04556138-purl-parser purl-parser
12 verbose addNamed [ 'purl-parser', '' ]
13 verbose addNamed [ null, '*' ]
14 silly lockFile 66e6852c-purl-parser purl-parser@
15 verbose lock purl-parser@ /Users/aakashlpin/.npm/66e6852c-purl-parser.lock
16 silly addNameRange { name: 'purl-parser', range: '*', hasData: false }
17 verbose url raw purl-parser
18 verbose url resolving [ 'https://registry.npmjs.org/', './purl-parser' ]
19 verbose url resolved https://registry.npmjs.org/purl-parser
20 info trying registry request attempt 1 at 23:11:19
21 http GET https://registry.npmjs.org/purl-parser
22 http 404 https://registry.npmjs.org/purl-parser
23 silly registry.get cb [ 404,
23 silly registry.get   { date: 'Sat, 12 Jul 2014 17:41:22 GMT',
23 silly registry.get     server: 'CouchDB/1.5.0 (Erlang OTP/R16B03)',
23 silly registry.get     'content-type': 'application/json',
23 silly registry.get     'cache-control': 'max-age=0',
23 silly registry.get     'content-length': '52',
23 silly registry.get     'accept-ranges': 'bytes',
23 silly registry.get     via: '1.1 varnish',
23 silly registry.get     age: '0',
23 silly registry.get     'x-served-by': 'cache-fra1227-FRA',
23 silly registry.get     'x-cache': 'MISS',
23 silly registry.get     'x-cache-hits': '0',
23 silly registry.get     'x-timer': 'S1405186882.703461,VS0,VE107',
23 silly registry.get     'keep-alive': 'timeout=10, max=50',
23 silly registry.get     connection: 'Keep-Alive' } ]
24 silly lockFile 66e6852c-purl-parser purl-parser@
25 silly lockFile 66e6852c-purl-parser purl-parser@
26 error 404 'purl-parser' is not in the npm registry.
26 error 404 You should bug the author to publish it
26 error 404 It was specified as a dependency of 'server'
26 error 404
26 error 404 Note that you can also install from a
26 error 404 tarball, folder, or http url, or git url.
27 error System Darwin 13.3.0
28 error command "/usr/local/Cellar/node/0.10.26/bin/node" "/usr/local/bin/npm" "install" "purl-parser" "--save"
29 error cwd /Users/aakashlpin/projects/streetsmart/server
30 error node -v v0.10.26
31 error npm -v 1.4.3
32 error code E404
33 verbose exit [ 1, true ]
